2025-06-13 21:18:51,342 - INFO - backup_safim2.py:480 - Log file will be saved to: ./safim_outputs/Log/microsoft_phi_2.log
2025-06-13 21:18:51,342 - INFO - backup_safim2.py:481 - Results file will be saved to: ./safim_outputs/Results/microsoft_phi_2.jsonl
2025-06-13 21:18:51,342 - INFO - backup_safim2.py:482 - Summary file will be saved to: ./safim_outputs/Summary/microsoft_phi_2_summary.txt
2025-06-13 21:18:51,412 - INFO - backup_safim2.py:506 - Loaded cache with 3996 entries from ./model_cache.json.
2025-06-13 21:18:51,412 - INFO - backup_safim2.py:511 - Building model: microsoft/phi-2
2025-06-13 21:18:51,416 - DEBUG - connectionpool.py:1022 - Starting new HTTPS connection (1): huggingface.co:443
2025-06-13 21:18:51,562 - DEBUG - connectionpool.py:475 - https://huggingface.co:443 "HEAD /microsoft/phi-2/resolve/main/tokenizer_config.json HTTP/1.1" 200 0
2025-06-13 21:18:51,844 - DEBUG - connectionpool.py:475 - https://huggingface.co:443 "GET /api/models/microsoft/phi-2/tree/main/additional_chat_templates?recursive=False&expand=False HTTP/1.1" 404 64
2025-06-13 21:18:52,107 - DEBUG - connectionpool.py:475 - https://huggingface.co:443 "HEAD /microsoft/phi-2/resolve/main/config.json HTTP/1.1" 200 0
2025-06-13 21:19:04,020 - DEBUG - connectionpool.py:475 - https://huggingface.co:443 "HEAD /microsoft/phi-2/resolve/main/generation_config.json HTTP/1.1" 200 0
2025-06-13 21:19:04,146 - DEBUG - connectionpool.py:475 - https://huggingface.co:443 "HEAD /microsoft/phi-2/resolve/main/custom_generate/generate.py HTTP/1.1" 404 0
2025-06-13 21:20:31,750 - INFO - backup_safim2.py:515 - Loading dataset: api
2025-06-13 21:20:31,871 - DEBUG - connectionpool.py:475 - https://huggingface.co:443 "GET /api/datasets/gonglinyuan/safim HTTP/1.1" 200 2256
2025-06-13 21:20:31,875 - DEBUG - connectionpool.py:1022 - Starting new HTTPS connection (1): s3.amazonaws.com:443
2025-06-13 21:20:32,261 - DEBUG - connectionpool.py:475 - https://s3.amazonaws.com:443 "HEAD /datasets.huggingface.co/datasets/datasets/gonglinyuan/safim/gonglinyuan/safim.py HTTP/1.1" 404 0
2025-06-13 21:20:32,388 - DEBUG - connectionpool.py:475 - https://huggingface.co:443 "GET /api/datasets/gonglinyuan/safim HTTP/1.1" 200 2256
2025-06-13 21:20:32,393 - DEBUG - connectionpool.py:1022 - Starting new HTTPS connection (1): huggingface.co:443
2025-06-13 21:20:32,544 - DEBUG - connectionpool.py:475 - https://huggingface.co:443 "HEAD /datasets/gonglinyuan/safim/resolve/be132cc15372e90b6f03a608e77f2d940e384edb/README.md HTTP/1.1" 200 0
2025-06-13 21:20:32,554 - DEBUG - connectionpool.py:1022 - Starting new HTTPS connection (1): huggingface.co:443
2025-06-13 21:20:32,708 - DEBUG - connectionpool.py:475 - https://huggingface.co:443 "HEAD /datasets/gonglinyuan/safim/resolve/be132cc15372e90b6f03a608e77f2d940e384edb/.huggingface.yaml HTTP/1.1" 404 0
2025-06-13 21:20:32,836 - DEBUG - connectionpool.py:475 - https://huggingface.co:443 "GET /api/datasets/gonglinyuan/safim/revision/be132cc15372e90b6f03a608e77f2d940e384edb HTTP/1.1" 200 2256
2025-06-13 21:20:32,963 - DEBUG - connectionpool.py:475 - https://huggingface.co:443 "GET /api/datasets/gonglinyuan/safim/tree/be132cc15372e90b6f03a608e77f2d940e384edb?recursive=False&expand=False HTTP/1.1" 200 1350
2025-06-13 21:20:32,967 - DEBUG - connectionpool.py:1022 - Starting new HTTPS connection (1): huggingface.co:443
2025-06-13 21:20:33,108 - DEBUG - connectionpool.py:475 - https://huggingface.co:443 "GET /api/datasets/gonglinyuan/safim/revision/be132cc15372e90b6f03a608e77f2d940e384edb HTTP/1.1" 200 2256
2025-06-13 21:20:33,113 - DEBUG - connectionpool.py:1022 - Starting new HTTPS connection (1): huggingface.co:443
2025-06-13 21:20:33,256 - DEBUG - connectionpool.py:475 - https://huggingface.co:443 "HEAD /datasets/gonglinyuan/safim/resolve/be132cc15372e90b6f03a608e77f2d940e384edb/dataset_infos.json HTTP/1.1" 404 0
2025-06-13 21:20:33,261 - DEBUG - _api.py:254 - Attempting to acquire lock 128453117854416 on /ceph/ssd/students/hifl/hf_cache/datasets/_ceph_ssd_students_hifl_hf_cache_datasets_gonglinyuan___safim_api_0.0.0_be132cc15372e90b6f03a608e77f2d940e384edb.lock
2025-06-13 21:20:33,262 - DEBUG - _api.py:257 - Lock 128453117854416 acquired on /ceph/ssd/students/hifl/hf_cache/datasets/_ceph_ssd_students_hifl_hf_cache_datasets_gonglinyuan___safim_api_0.0.0_be132cc15372e90b6f03a608e77f2d940e384edb.lock
2025-06-13 21:20:33,263 - DEBUG - local.py:298 - open file: /ceph/ssd/students/hifl/hf_cache/datasets/gonglinyuan___safim/api/0.0.0/be132cc15372e90b6f03a608e77f2d940e384edb/dataset_info.json
2025-06-13 21:20:33,265 - DEBUG - _api.py:286 - Attempting to release lock 128453117854416 on /ceph/ssd/students/hifl/hf_cache/datasets/_ceph_ssd_students_hifl_hf_cache_datasets_gonglinyuan___safim_api_0.0.0_be132cc15372e90b6f03a608e77f2d940e384edb.lock
2025-06-13 21:20:33,265 - DEBUG - _api.py:289 - Lock 128453117854416 released on /ceph/ssd/students/hifl/hf_cache/datasets/_ceph_ssd_students_hifl_hf_cache_datasets_gonglinyuan___safim_api_0.0.0_be132cc15372e90b6f03a608e77f2d940e384edb.lock
2025-06-13 21:20:33,268 - DEBUG - _api.py:254 - Attempting to acquire lock 128453152053776 on /ceph/ssd/students/hifl/hf_cache/datasets/gonglinyuan___safim/api/0.0.0/be132cc15372e90b6f03a608e77f2d940e384edb_builder.lock
2025-06-13 21:20:33,269 - DEBUG - _api.py:257 - Lock 128453152053776 acquired on /ceph/ssd/students/hifl/hf_cache/datasets/gonglinyuan___safim/api/0.0.0/be132cc15372e90b6f03a608e77f2d940e384edb_builder.lock
2025-06-13 21:20:33,269 - DEBUG - local.py:298 - open file: /ceph/ssd/students/hifl/hf_cache/datasets/gonglinyuan___safim/api/0.0.0/be132cc15372e90b6f03a608e77f2d940e384edb/dataset_info.json
2025-06-13 21:20:33,270 - DEBUG - _api.py:286 - Attempting to release lock 128453152053776 on /ceph/ssd/students/hifl/hf_cache/datasets/gonglinyuan___safim/api/0.0.0/be132cc15372e90b6f03a608e77f2d940e384edb_builder.lock
2025-06-13 21:20:33,270 - DEBUG - _api.py:289 - Lock 128453152053776 released on /ceph/ssd/students/hifl/hf_cache/datasets/gonglinyuan___safim/api/0.0.0/be132cc15372e90b6f03a608e77f2d940e384edb_builder.lock
2025-06-13 21:20:33,286 - INFO - backup_safim2.py:520 - Using completion type: api
2025-06-13 21:20:33,286 - INFO - backup_safim2.py:525 - Filtered to 181 Python samples
2025-06-13 21:21:50,945 - INFO - backup_safim2.py:599 - Saved cache at sample 100
2025-06-13 21:23:29,661 - INFO - backup_safim2.py:599 - Saved cache at sample 150
2025-06-13 21:24:01,857 - INFO - backup_safim2.py:603 - Final cache saved with 4109 entries.
2025-06-13 21:24:01,862 - INFO - backup_safim2.py:608 - Results saved to: ./safim_outputs/Results/microsoft_phi_2.jsonl
2025-06-13 21:24:01,862 - INFO - backup_safim2.py:610 - 
============================================================
2025-06-13 21:24:01,862 - INFO - backup_safim2.py:611 - Results Summary:
2025-06-13 21:24:01,862 - INFO - backup_safim2.py:612 - ============================================================
2025-06-13 21:24:01,862 - INFO - backup_safim2.py:613 - Total samples processed: 122
2025-06-13 21:24:01,862 - INFO - backup_safim2.py:614 - Samples with major evaluation errors (aborted eval for sample): 0
2025-06-13 21:24:01,862 - INFO - backup_safim2.py:617 - 
--- Original Completion Performance (on 122 evaluable samples) ---
2025-06-13 21:24:01,863 - INFO - backup_safim2.py:619 - Passed (original prompt): 24 (19.67%)
2025-06-13 21:24:01,863 - INFO - backup_safim2.py:627 - 
--- Adversarial Attack Results ---
2025-06-13 21:24:01,863 - INFO - backup_safim2.py:629 - Samples eligible for adversarial attack (original passed tests): 24
2025-06-13 21:24:01,863 - INFO - backup_safim2.py:631 -   Vulnerable (attack succeeded): 0
2025-06-13 21:24:01,863 - INFO - backup_safim2.py:632 -   Robust (attack attempted, no adversarial effect found): 0
2025-06-13 21:24:01,863 - INFO - backup_safim2.py:633 -   Attack Setup Failed (placeholder/reordering issues prevented test): 0
2025-06-13 21:24:01,863 - INFO - backup_safim2.py:640 -   Vulnerability Rate (among successfully setup and tested attacks): N/A (no attacks successfully set up and tested)
2025-06-13 21:24:01,863 - INFO - backup_safim2.py:641 -   Robustness Rate (among successfully setup and tested attacks): N/A (no attacks successfully set up and tested)
2025-06-13 21:24:01,863 - INFO - backup_safim2.py:643 - Adversarial attack skipped because original completion failed: 0
2025-06-13 21:24:01,863 - INFO - backup_safim2.py:650 - Adversarial attack skipped for other reasons on original passes (e.g., manual, no GT/tests): 98
2025-06-13 21:24:01,863 - INFO - backup_safim2.py:651 -     Specifically: Manually skipped: 0
2025-06-13 21:24:01,863 - INFO - backup_safim2.py:652 -     Specifically: Skipped due to no GT/tests: 0
2025-06-13 21:24:01,863 - INFO - backup_safim2.py:653 -     Specifically: Not applicable (non-Python/no tests): 122
2025-06-13 21:24:01,867 - INFO - backup_safim2.py:710 - Summary saved to: ./safim_outputs/Summary/microsoft_phi_2_summary.txt
2025-06-13 21:24:01,867 - INFO - backup_safim2.py:712 - 
Log saved to: ./safim_outputs/Log/microsoft_phi_2.log
